android-vms-scanner/app/build/intermediates/manifest_merge_blame_file/debug/processDebugMainManifest/manifest-merger-blame-debug-report.txt
1<?xml version="1.0" encoding="utf-8"?>
2<manifest xmlns:android="http://schemas.android.com/apk/res/android"
3    package="com.fndcorp.vmsscanner"
4    android:versionCode="1"
5    android:versionName="1.0.0" >
6
7    <uses-sdk
7-->INJECTED
8        android:minSdkVersion="23"
8-->INJECTED
9        android:targetSdkVersion="36" />
9-->INJECTED
10
11    <uses-permission android:name="android.permission.CAMERA" />
11-->src\main\AndroidManifest.xml:2:5-65
11-->src\main\AndroidManifest.xml:2:22-62
12    <uses-permission android:name="android.permission.INTERNET" />
12-->src\main\AndroidManifest.xml:3:5-67
12-->src\main\AndroidManifest.xml:3:22-64
13    <!-- Don't require camera, as this requires a rear camera. This allows it to work on the Nexus 7 -->
14    <uses-feature
14-->[com.journeyapps:zxing-android-embedded:4.3.0] AndroidManifest.xml:25:5-27:36
15        android:name="android.hardware.camera"
15-->[com.journeyapps:zxing-android-embedded:4.3.0] AndroidManifest.xml:26:9-47
16        android:required="false" />
16-->[com.journeyapps:zxing-android-embedded:4.3.0] AndroidManifest.xml:27:9-33
17    <uses-feature
17-->[com.journeyapps:zxing-android-embedded:4.3.0] AndroidManifest.xml:28:5-30:36
18        android:name="android.hardware.camera.front"
18-->[com.journeyapps:zxing-android-embedded:4.3.0] AndroidManifest.xml:29:9-53
19        android:required="false" /> <!-- TODO replace above two with next line after Android 4.2 -->
19-->[com.journeyapps:zxing-android-embedded:4.3.0] AndroidManifest.xml:30:9-33
20    <!-- <uses-feature android:name="android.hardware.camera.any"/> -->
21    <uses-feature
21-->[com.journeyapps:zxing-android-embedded:4.3.0] AndroidManifest.xml:33:5-35:36
22        android:name="android.hardware.camera.autofocus"
22-->[com.journeyapps:zxing-android-embedded:4.3.0] AndroidManifest.xml:34:9-57
23        android:required="false" />
23-->[com.journeyapps:zxing-android-embedded:4.3.0] AndroidManifest.xml:35:9-33
24    <uses-feature
24-->[com.journeyapps:zxing-android-embedded:4.3.0] AndroidManifest.xml:36:5-38:36
25        android:name="android.hardware.camera.flash"
25-->[com.journeyapps:zxing-android-embedded:4.3.0] AndroidManifest.xml:37:9-53
26        android:required="false" />
26-->[com.journeyapps:zxing-android-embedded:4.3.0] AndroidManifest.xml:38:9-33
27    <uses-feature
27-->[com.journeyapps:zxing-android-embedded:4.3.0] AndroidManifest.xml:39:5-41:36
28        android:name="android.hardware.screen.landscape"
28-->[com.journeyapps:zxing-android-embedded:4.3.0] AndroidManifest.xml:40:9-57
29        android:required="false" />
29-->[com.journeyapps:zxing-android-embedded:4.3.0] AndroidManifest.xml:41:9-33
30    <uses-feature
30-->[com.journeyapps:zxing-android-embedded:4.3.0] AndroidManifest.xml:42:5-44:36
31        android:name="android.hardware.wifi"
31-->[com.journeyapps:zxing-android-embedded:4.3.0] AndroidManifest.xml:43:9-45
32        android:required="false" />
32-->[com.journeyapps:zxing-android-embedded:4.3.0] AndroidManifest.xml:44:9-33
33
34    <application
34-->src\main\AndroidManifest.xml:5:5-21:19
35        android:allowBackup="false"
35-->src\main\AndroidManifest.xml:10:9-36
36        android:debuggable="true"
37        android:extractNativeLibs="false"
37-->INJECTED
38        android:label="VMS Scanner"
38-->src\main\AndroidManifest.xml:7:9-36
39        android:networkSecurityConfig="@xml/network_security_config"
39-->src\main\AndroidManifest.xml:9:9-69
40        android:supportsRtl="true"
40-->src\main\AndroidManifest.xml:11:9-35
41        android:theme="@style/AppTheme"
41-->src\main\AndroidManifest.xml:6:9-40
42        android:usesCleartextTraffic="true" >
42-->src\main\AndroidManifest.xml:8:9-44
43        <activity
43-->src\main\AndroidManifest.xml:12:9-20:20
44            android:name="com.fndcorp.vmsscanner.MainActivity"
44-->src\main\AndroidManifest.xml:13:13-41
45            android:exported="true"
45-->src\main\AndroidManifest.xml:15:13-36
46            android:screenOrientation="portrait" >
46-->src\main\AndroidManifest.xml:14:13-49
47            <intent-filter>
47-->src\main\AndroidManifest.xml:16:13-19:29
48                <action android:name="android.intent.action.MAIN" />
48-->src\main\AndroidManifest.xml:17:17-69
48-->src\main\AndroidManifest.xml:17:25-66
49
50                <category android:name="android.intent.category.LAUNCHER" />
50-->src\main\AndroidManifest.xml:18:17-77
50-->src\main\AndroidManifest.xml:18:27-74
51            </intent-filter>
52        </activity>
53        <activity
53-->[com.journeyapps:zxing-android-embedded:4.3.0] AndroidManifest.xml:47:9-53:63
54            android:name="com.journeyapps.barcodescanner.CaptureActivity"
54-->[com.journeyapps:zxing-android-embedded:4.3.0] AndroidManifest.xml:48:13-74
55            android:clearTaskOnLaunch="true"
55-->[com.journeyapps:zxing-android-embedded:4.3.0] AndroidManifest.xml:49:13-45
56            android:screenOrientation="sensorLandscape"
56-->[com.journeyapps:zxing-android-embedded:4.3.0] AndroidManifest.xml:50:13-56
57            android:stateNotNeeded="true"
57-->[com.journeyapps:zxing-android-embedded:4.3.0] AndroidManifest.xml:51:13-42
58            android:theme="@style/zxing_CaptureTheme"
58-->[com.journeyapps:zxing-android-embedded:4.3.0] AndroidManifest.xml:52:13-54
59            android:windowSoftInputMode="stateAlwaysHidden" />
59-->[com.journeyapps:zxing-android-embedded:4.3.0] AndroidManifest.xml:53:13-60
60    </application>
61
62</manifest>